<?xml version="1.0" encoding="UTF-8" ?>
<testsuite tests="14" failures="0" name="step_definitions.RunCukesTest" time="0.925" errors="0" skipped="0">
  <properties>
    <property name="idea.version" value="2022.3.1"/>
    <property name="java.runtime.name" value="Java(TM) SE Runtime Environment"/>
    <property name="sun.boot.library.path" value="C:\Program Files\Java\jdk1.8.0_351\jre\bin"/>
    <property name="java.vm.version" value="25.351-b10"/>
    <property name="java.vm.vendor" value="Oracle Corporation"/>
    <property name="maven.multiModuleProjectDirectory" value="E:\AUTOMATION TESTING\TugasBDD\Saucedemo"/>
    <property name="java.vendor.url" value="http://java.oracle.com/"/>
    <property name="path.separator" value=";"/>
    <property name="guice.disable.misplaced.annotation.check" value="true"/>
    <property name="java.vm.name" value="Java HotSpot(TM) 64-Bit Server VM"/>
    <property name="file.encoding.pkg" value="sun.io"/>
    <property name="user.script" value=""/>
    <property name="user.country" value="US"/>
    <property name="sun.java.launcher" value="SUN_STANDARD"/>
    <property name="sun.os.patch.level" value=""/>
    <property name="java.vm.specification.name" value="Java Virtual Machine Specification"/>
    <property name="user.dir" value="E:\AUTOMATION TESTING\TugasBDD\Saucedemo"/>
    <property name="java.runtime.version" value="1.8.0_351-b10"/>
    <property name="java.awt.graphicsenv" value="sun.awt.Win32GraphicsEnvironment"/>
    <property name="java.endorsed.dirs" value="C:\Program Files\Java\jdk1.8.0_351\jre\lib\endorsed"/>
    <property name="os.arch" value="amd64"/>
    <property name="java.io.tmpdir" value="C:\Users\LENOVO\AppData\Local\Temp\"/>
    <property name="line.separator" value="
"/>
    <property name="java.vm.specification.vendor" value="Oracle Corporation"/>
    <property name="user.variant" value=""/>
    <property name="os.name" value="Windows 11"/>
    <property name="maven.ext.class.path" value="C:\Program Files\JetBrains\IntelliJ IDEA Community Edition 2022.3.1\plugins\maven\lib\maven-event-listener.jar"/>
    <property name="classworlds.conf" value="C:\Program Files\JetBrains\IntelliJ IDEA Community Edition 2022.3.1\plugins\maven\lib\maven3\bin\m2.conf"/>
    <property name="sun.jnu.encoding" value="Cp1252"/>
    <property name="java.library.path" value="C:\Program Files\Java\jdk1.8.0_351\bin;C:\WINDOWS\Sun\Java\bin;C:\WINDOWS\system32;C:\WINDOWS;C:\Program Files (x86)\Common Files\Oracle\Java\javapath;C:\WINDOWS\system32;C:\WINDOWS;C:\WINDOWS\System32\Wbem;C:\WINDOWS\System32\WindowsPowerShell\v1.0\;C:\WINDOWS\System32\OpenSSH\;C:\Program Files\Java\jdk1.8.0_351\bin;C:\Program Files\Git\cmd;C:\Users\LENOVO\AppData\Local\Microsoft\WindowsApps;;."/>
    <property name="jansi.passthrough" value="true"/>
    <property name="maven.conf" value="C:\Program Files\JetBrains\IntelliJ IDEA Community Edition 2022.3.1\plugins\maven\lib\maven3/conf"/>
    <property name="java.specification.name" value="Java Platform API Specification"/>
    <property name="java.class.version" value="52.0"/>
    <property name="sun.management.compiler" value="HotSpot 64-Bit Tiered Compilers"/>
    <property name="os.version" value="10.0"/>
    <property name="user.home" value="C:\Users\LENOVO"/>
    <property name="user.timezone" value="Asia/Singapore"/>
    <property name="java.awt.printerjob" value="sun.awt.windows.WPrinterJob"/>
    <property name="java.specification.version" value="1.8"/>
    <property name="file.encoding" value="UTF-8"/>
    <property name="user.name" value="LENOVO"/>
    <property name="java.class.path" value="C:\Program Files\JetBrains\IntelliJ IDEA Community Edition 2022.3.1\plugins\maven\lib\maven3\boot\plexus-classworlds-2.6.0.jar;C:\Program Files\JetBrains\IntelliJ IDEA Community Edition 2022.3.1\plugins\maven\lib\maven3\boot\plexus-classworlds.license;C:\Program Files\JetBrains\IntelliJ IDEA Community Edition 2022.3.1\lib\idea_rt.jar"/>
    <property name="java.vm.specification.version" value="1.8"/>
    <property name="sun.arch.data.model" value="64"/>
    <property name="java.home" value="C:\Program Files\Java\jdk1.8.0_351\jre"/>
    <property name="sun.java.command" value="org.codehaus.classworlds.Launcher -Didea.version=2022.3.1 test"/>
    <property name="java.specification.vendor" value="Oracle Corporation"/>
    <property name="user.language" value="en"/>
    <property name="awt.toolkit" value="sun.awt.windows.WToolkit"/>
    <property name="java.vm.info" value="mixed mode"/>
    <property name="java.version" value="1.8.0_351"/>
    <property name="java.ext.dirs" value="C:\Program Files\Java\jdk1.8.0_351\jre\lib\ext;C:\WINDOWS\Sun\Java\lib\ext"/>
    <property name="sun.boot.class.path" value="C:\Program Files\Java\jdk1.8.0_351\jre\lib\resources.jar;C:\Program Files\Java\jdk1.8.0_351\jre\lib\rt.jar;C:\Program Files\Java\jdk1.8.0_351\jre\lib\jsse.jar;C:\Program Files\Java\jdk1.8.0_351\jre\lib\jce.jar;C:\Program Files\Java\jdk1.8.0_351\jre\lib\charsets.jar;C:\Program Files\Java\jdk1.8.0_351\jre\lib\jfr.jar;C:\Program Files\Java\jdk1.8.0_351\jre\classes"/>
    <property name="java.vendor" value="Oracle Corporation"/>
    <property name="java.specification.maintenance.version" value="4"/>
    <property name="maven.home" value="C:\Program Files\JetBrains\IntelliJ IDEA Community Edition 2022.3.1\plugins\maven\lib\maven3"/>
    <property name="file.separator" value="\"/>
    <property name="java.vendor.url.bug" value="http://bugreport.sun.com/bugreport/"/>
    <property name="sun.cpu.endian" value="little"/>
    <property name="sun.io.unicode.encoding" value="UnicodeLittle"/>
    <property name="sun.desktop" value="windows"/>
    <property name="sun.cpu.isalist" value="amd64"/>
  </properties>
  <testcase classname="Given User open the website sauce demo(| Sauce Labs Onesie | Test.allTheThings() T-Shirt (Red) | Sauce Labs Onesie |)" name="Given User open the website sauce demo(| Sauce Labs Onesie | Test.allTheThings() T-Shirt " time="0.006"/>
  <testcase classname="When User input &quot;standard_user&quot; as userName and Input &quot;secret_sauce&quot; as password(| Sauce Labs Onesie | Test.allTheThings() T-Shirt (Red) | Sauce Labs Onesie |)" name="When User input &quot;standard_user&quot; as userName and Input &quot;secret_sauce&quot; as password(| Sauce Labs Onesie | Test.allTheThings() T-Shirt " time="0"/>
  <testcase classname="Then User already on landing page(| Sauce Labs Onesie | Test.allTheThings() T-Shirt (Red) | Sauce Labs Onesie |)" name="Then User already on landing page(| Sauce Labs Onesie | Test.allTheThings() T-Shirt " time="0"/>
  <testcase classname="And User sort product list by &quot;Name (Z to A)&quot;(| Sauce Labs Onesie | Test.allTheThings() T-Shirt (Red) | Sauce Labs Onesie |)" name="And User sort product list by &quot;Name (Z to A)&quot;(| Sauce Labs Onesie | Test.allTheThings() T-Shirt " time="0"/>
  <testcase classname="And User choice 2 product from the list &quot;Sauce Labs Onesie&quot; and &quot;Test.allTheThings() T-Shirt (Red)&quot;(| Sauce Labs Onesie | Test.allTheThings() T-Shirt (Red) | Sauce Labs Onesie |)" name="And User choice 2 product from the list &quot;Sauce Labs Onesie&quot; and &quot;Test.allTheThings() T-Shirt (Red)&quot;(| Sauce Labs Onesie | Test.allTheThings() T-Shirt " time="0"/>
  <testcase classname="And User click on icon cart to verify product(| Sauce Labs Onesie | Test.allTheThings() T-Shirt (Red) | Sauce Labs Onesie |)" name="And User click on icon cart to verify product(| Sauce Labs Onesie | Test.allTheThings() T-Shirt " time="0"/>
  <testcase classname="Then User delete product &quot;Sauce Labs Onesie&quot;(| Sauce Labs Onesie | Test.allTheThings() T-Shirt (Red) | Sauce Labs Onesie |)" name="Then User delete product &quot;Sauce Labs Onesie&quot;(| Sauce Labs Onesie | Test.allTheThings() T-Shirt " time="0"/>
  <testcase classname="And User click button checkout(| Sauce Labs Onesie | Test.allTheThings() T-Shirt (Red) | Sauce Labs Onesie |)" name="And User click button checkout(| Sauce Labs Onesie | Test.allTheThings() T-Shirt " time="0"/>
  <testcase classname="Then User input Check Out Form in Firs Name &quot;Rizki&quot;, Last Name &quot;Kurniawan&quot; and Partial Code &quot;999&quot;.(| Sauce Labs Onesie | Test.allTheThings() T-Shirt (Red) | Sauce Labs Onesie |)" name="Then User input Check Out Form in Firs Name &quot;Rizki&quot;, Last Name &quot;Kurniawan&quot; and Partial Code &quot;999&quot;.(| Sauce Labs Onesie | Test.allTheThings() T-Shirt " time="0"/>
  <testcase classname="And User verify nominal taxt(| Sauce Labs Onesie | Test.allTheThings() T-Shirt (Red) | Sauce Labs Onesie |)" name="And User verify nominal taxt(| Sauce Labs Onesie | Test.allTheThings() T-Shirt " time="0"/>
  <testcase classname="And User verify Summary total Checkout(| Sauce Labs Onesie | Test.allTheThings() T-Shirt (Red) | Sauce Labs Onesie |)" name="And User verify Summary total Checkout(| Sauce Labs Onesie | Test.allTheThings() T-Shirt " time="0"/>
  <testcase classname="And User click button finish(| Sauce Labs Onesie | Test.allTheThings() T-Shirt (Red) | Sauce Labs Onesie |)" name="And User click button finish(| Sauce Labs Onesie | Test.allTheThings() T-Shirt " time="0.001"/>
  <testcase classname="And User complete order(| Sauce Labs Onesie | Test.allTheThings() T-Shirt (Red) | Sauce Labs Onesie |)" name="And User complete order(| Sauce Labs Onesie | Test.allTheThings() T-Shirt " time="0"/>
  <testcase classname="| Sauce Labs Onesie | Test.allTheThings() T-Shirt (Red) | Sauce Labs Onesie |" name="| Sauce Labs Onesie | Test.allTheThings() T-Shirt " time="0.918"/>
</testsuite>